\BOOKMARK [1][-]{section.1}{\376\377\000I\000n\000t\000r\000o\000d\000u\000c\000t\000i\000o\000n}{}% 1
\BOOKMARK [1][-]{section.2}{\376\377\000C\000o\000n\000j\000e\000c\000t\000u\000r\000e\000s\000\040\000a\000n\000d\000\040\000T\000h\000e\000o\000r\000e\000m\000s}{}% 2
\BOOKMARK [2][-]{subsection.2.1}{\376\377\000B\000a\000s\000i\000c\000\040\000D\000e\000f\000i\000n\000i\000t\000i\000o\000n\000s}{section.2}% 3
\BOOKMARK [2][-]{subsection.2.2}{\376\377\000E\000x\000a\000m\000p\000l\000e\000s\000\040\000f\000r\000o\000m\000\040\000N\000u\000m\000b\000e\000r\000\040\000T\000h\000e\000o\000r\000y}{section.2}% 4
\BOOKMARK [2][-]{subsection.2.3}{\376\377\000R\000e\000m\000a\000r\000k\000s}{section.2}% 5
\BOOKMARK [1][-]{section.3}{\376\377\000L\000o\000g\000i\000c\000a\000l\000\040\000I\000m\000p\000l\000i\000c\000a\000t\000i\000o\000n\000,\000\040\000N\000e\000c\000e\000s\000s\000a\000r\000y\000\040\000C\000o\000n\000d\000i\000t\000i\000o\000n\000s\000,\000\040\000a\000n\000d\000\040\000S\000u\000f\000f\000i\000c\000i\000e\000n\000t\000\040\000C\000o\000n\000d\000i\000t\000i\000o\000n\000s}{}% 6
\BOOKMARK [2][-]{subsection.3.1}{\376\377\000I\000n\000t\000r\000o\000d\000u\000c\000t\000i\000o\000n}{section.3}% 7
\BOOKMARK [2][-]{subsection.3.2}{\376\377\000I\000m\000p\000l\000i\000c\000a\000t\000i\000o\000n}{section.3}% 8
\BOOKMARK [2][-]{subsection.3.3}{\376\377\000N\000e\000c\000e\000s\000s\000a\000r\000y\000\040\000a\000n\000d\000\040\000S\000u\000f\000f\000i\000c\000i\000e\000n\000t\000\040\000C\000o\000n\000d\000i\000t\000i\000o\000n\000s}{section.3}% 9
\BOOKMARK [2][-]{subsection.3.4}{\376\377\000E\000x\000a\000m\000p\000l\000e\000:\000\040\000D\000i\000v\000i\000s\000i\000b\000i\000l\000i\000t\000y}{section.3}% 10
\BOOKMARK [2][-]{subsection.3.5}{\376\377\000L\000o\000g\000i\000c\000a\000l\000\040\000E\000q\000u\000i\000v\000a\000l\000e\000n\000c\000e}{section.3}% 11
\BOOKMARK [2][-]{subsection.3.6}{\376\377\000T\000r\000u\000t\000h\000\040\000T\000a\000b\000l\000e\000s}{section.3}% 12
\BOOKMARK [3][-]{subsubsection.3.6.1}{\376\377\000I\000m\000p\000l\000i\000c\000a\000t\000i\000o\000n}{subsection.3.6}% 13
\BOOKMARK [3][-]{subsubsection.3.6.2}{\376\377\000E\000q\000u\000i\000v\000a\000l\000e\000n\000c\000e}{subsection.3.6}% 14
\BOOKMARK [2][-]{subsection.3.7}{\376\377\000C\000o\000n\000v\000e\000r\000s\000e\000,\000\040\000I\000n\000v\000e\000r\000s\000e\000,\000\040\000a\000n\000d\000\040\000C\000o\000n\000t\000r\000a\000p\000o\000s\000i\000t\000i\000v\000e}{section.3}% 15
\BOOKMARK [2][-]{subsection.3.8}{\376\377\000E\000x\000a\000m\000p\000l\000e\000s}{section.3}% 16
\BOOKMARK [3][-]{subsubsection.3.8.1}{\376\377\000G\000e\000o\000m\000e\000t\000r\000i\000c\000\040\000E\000x\000a\000m\000p\000l\000e}{subsection.3.8}% 17
\BOOKMARK [3][-]{subsubsection.3.8.2}{\376\377\000N\000u\000m\000b\000e\000r\000\040\000T\000h\000e\000o\000r\000y\000\040\000E\000x\000a\000m\000p\000l\000e}{subsection.3.8}% 18
\BOOKMARK [3][-]{subsubsection.3.8.3}{\376\377\000E\000x\000a\000m\000p\000l\000e\000\040\000w\000i\000t\000h\000\040\000I\000n\000e\000q\000u\000a\000l\000i\000t\000i\000e\000s}{subsection.3.8}% 19
\BOOKMARK [2][-]{subsection.3.9}{\376\377\000T\000h\000e\000\040\000I\000m\000p\000o\000r\000t\000a\000n\000c\000e\000\040\000o\000f\000\040\000t\000h\000e\000\040\000D\000o\000m\000a\000i\000n}{section.3}% 20
\BOOKMARK [2][-]{subsection.3.10}{\376\377\000E\000x\000e\000r\000c\000i\000s\000e\000s}{section.3}% 21
\BOOKMARK [1][-]{section.4}{\376\377\000A\000l\000g\000e\000b\000r\000a\000i\000c\000\040\000I\000d\000e\000n\000t\000i\000t\000i\000e\000s}{}% 22
\BOOKMARK [2][-]{subsection.4.1}{\376\377\000I\000n\000t\000r\000o\000d\000u\000c\000t\000i\000o\000n}{section.4}% 23
\BOOKMARK [2][-]{subsection.4.2}{\376\377\000D\000i\000f\000f\000e\000r\000e\000n\000c\000e\000\040\000o\000f\000\040\000P\000o\000w\000e\000r\000s}{section.4}% 24
\BOOKMARK [2][-]{subsection.4.3}{\376\377\000S\000u\000m\000\040\000o\000f\000\040\000P\000o\000w\000e\000r\000s}{section.4}% 25
\BOOKMARK [2][-]{subsection.4.4}{\376\377\000H\000i\000s\000t\000o\000r\000i\000c\000a\000l\000\040\000N\000o\000t\000e\000s}{section.4}% 26
\BOOKMARK [2][-]{subsection.4.5}{\376\377\000A\000p\000p\000l\000i\000c\000a\000t\000i\000o\000n\000s}{section.4}% 27
\BOOKMARK [2][-]{subsection.4.6}{\376\377\000C\000u\000r\000i\000o\000s\000i\000t\000i\000e\000s}{section.4}% 28
\BOOKMARK [1][-]{section.5}{\376\377\000L\000i\000m\000i\000t\000s\000,\000\040\000I\000n\000f\000i\000n\000i\000t\000e\000s\000i\000m\000a\000l\000s\000,\000\040\000C\000o\000n\000t\000i\000n\000u\000i\000t\000y\000,\000\040\000a\000n\000d\000\040\000t\000h\000e\000\040\000D\000e\000r\000i\000v\000a\000t\000i\000v\000e}{}% 29
\BOOKMARK [2][-]{subsection.5.1}{\376\377\000P\000r\000o\000b\000l\000e\000m\000s}{section.5}% 30
\BOOKMARK [1][-]{section.6}{\376\377\000T\000h\000e\000\040\000L\000i\000m\000i\000t\000\040\000o\000f\000\040\000a\000\040\000F\000u\000n\000c\000t\000i\000o\000n}{}% 31
\BOOKMARK [2][-]{subsection.6.1}{\376\377\000E\000x\000a\000m\000p\000l\000e}{section.6}% 32
\BOOKMARK [2][-]{subsection.6.2}{\376\377\000P\000r\000o\000b\000l\000e\000m\000s}{section.6}% 33
\BOOKMARK [1][-]{section.7}{\376\377\000I\000n\000f\000i\000n\000i\000t\000e\000s\000i\000m\000a\000l\000s}{}% 34
\BOOKMARK [2][-]{subsection.7.1}{\376\377\000A\000\040\000L\000i\000m\000i\000t\000\040\000W\000r\000i\000t\000t\000e\000n\000\040\000a\000s\000\040\000a\000\040\000C\000o\000n\000s\000t\000a\000n\000t\000\040\000P\000l\000u\000s\000\040\000a\000n\000\040\000E\000r\000r\000o\000r}{section.7}% 35
\BOOKMARK [2][-]{subsection.7.2}{\376\377\000A\000l\000g\000e\000b\000r\000a\000\040\000o\000f\000\040\000I\000n\000f\000i\000n\000i\000t\000e\000s\000i\000m\000a\000l\000s}{section.7}% 36
\BOOKMARK [1][-]{section.8}{\376\377\000C\000o\000n\000t\000i\000n\000u\000i\000t\000y}{}% 37
\BOOKMARK [2][-]{subsection.8.1}{\376\377\000C\000o\000n\000t\000i\000n\000u\000i\000t\000y\000\040\000W\000r\000i\000t\000t\000e\000n\000\040\000w\000i\000t\000h\000\040\000I\000n\000c\000r\000e\000m\000e\000n\000t\000s}{section.8}% 38
\BOOKMARK [2][-]{subsection.8.2}{\376\377\000D\000i\000r\000e\000c\000t\000\040\000S\000u\000b\000s\000t\000i\000t\000u\000t\000i\000o\000n}{section.8}% 39
\BOOKMARK [2][-]{subsection.8.3}{\376\377\000P\000r\000o\000b\000l\000e\000m\000s}{section.8}% 40
\BOOKMARK [1][-]{section.9}{\376\377\000C\000o\000n\000t\000i\000n\000u\000i\000t\000y\000\040\000o\000n\000\040\000a\000n\000\040\000I\000n\000t\000e\000r\000v\000a\000l}{}% 41
\BOOKMARK [1][-]{section.10}{\376\377\000P\000r\000o\000p\000e\000r\000t\000i\000e\000s\000\040\000o\000f\000\040\000C\000o\000n\000t\000i\000n\000u\000o\000u\000s\000\040\000F\000u\000n\000c\000t\000i\000o\000n\000s}{}% 42
\BOOKMARK [1][-]{section.11}{\376\377\000A\000\040\000P\000r\000o\000b\000l\000e\000m\000\040\000B\000e\000f\000o\000r\000e\000\040\000t\000h\000e\000\040\000D\000e\000r\000i\000v\000a\000t\000i\000v\000e\000:\000\040\000F\000e\000r\000m\000a\000t\000'\000s\000\040\000S\000e\000g\000m\000e\000n\000t\000\040\000P\000r\000o\000b\000l\000e\000m}{}% 43
\BOOKMARK [2][-]{subsection.11.1}{\376\377\000F\000i\000r\000s\000t\000\040\000E\000x\000p\000e\000r\000i\000m\000e\000n\000t\000s}{section.11}% 44
\BOOKMARK [2][-]{subsection.11.2}{\376\377\000M\000o\000v\000i\000n\000g\000\040\000t\000h\000e\000\040\000P\000o\000i\000n\000t\000\040\000S\000l\000i\000g\000h\000t\000l\000y}{section.11}% 45
\BOOKMARK [2][-]{subsection.11.3}{\376\377\000T\000h\000e\000\040\000I\000m\000p\000o\000r\000t\000a\000n\000t\000\040\000P\000a\000r\000t\000\040\000o\000f\000\040\000t\000h\000e\000\040\000C\000h\000a\000n\000g\000e}{section.11}% 46
\BOOKMARK [2][-]{subsection.11.4}{\376\377\000T\000h\000e\000\040\000B\000a\000l\000a\000n\000c\000e\000\040\000C\000o\000n\000d\000i\000t\000i\000o\000n}{section.11}% 47
\BOOKMARK [2][-]{subsection.11.5}{\376\377\000W\000h\000a\000t\000\040\000W\000a\000s\000\040\000D\000i\000s\000c\000o\000v\000e\000r\000e\000d}{section.11}% 48
\BOOKMARK [2][-]{subsection.11.6}{\376\377\000C\000h\000a\000l\000l\000e\000n\000g\000e}{section.11}% 49
\BOOKMARK [2][-]{subsection.11.7}{\376\377\000C\000h\000a\000l\000l\000e\000n\000g\000e}{section.11}% 50
\BOOKMARK [1][-]{section.12}{\376\377\000T\000h\000e\000\040\000N\000e\000e\000d\000\040\000f\000o\000r\000\040\000a\000\040\000D\000e\000r\000i\000v\000a\000t\000i\000v\000e}{}% 51
\BOOKMARK [2][-]{subsection.12.1}{\376\377\000E\000x\000a\000m\000p\000l\000e\000:\000\040\000T\000h\000e\000\040\000D\000e\000r\000i\000v\000a\000t\000i\000v\000e\000\040\000o\000f\000\040\000\050\000x\0002\000\051}{section.12}% 52
\BOOKMARK [2][-]{subsection.12.2}{\376\377\000W\000h\000a\000t\000\040\000W\000e\000\040\000H\000a\000v\000e\000\040\000D\000i\000s\000c\000o\000v\000e\000r\000e\000d}{section.12}% 53
\BOOKMARK [2][-]{subsection.12.3}{\376\377\000P\000r\000o\000b\000l\000e\000m\000s}{section.12}% 54
<<<<<<< HEAD
\BOOKMARK [1][-]{section.13}{\376\377\000A\000\040\000P\000r\000o\000b\000l\000e\000m\000\040\000B\000e\000f\000o\000r\000e\000\040\000t\000h\000e\000\040\000I\000n\000t\000e\000g\000r\000a\000l\000:\000\040\000M\000e\000a\000s\000u\000r\000i\000n\000g\000\040\000a\000\040\000C\000u\000r\000v\000e\000d\000\040\000A\000r\000e\000a}{}% 55
\BOOKMARK [2][-]{subsection.13.1}{\376\377\000T\000h\000e\000\040\000A\000r\000e\000a\000\040\000P\000r\000o\000b\000l\000e\000m}{section.13}% 56
\BOOKMARK [2][-]{subsection.13.2}{\376\377\000F\000i\000r\000s\000t\000\040\000A\000p\000p\000r\000o\000x\000i\000m\000a\000t\000i\000o\000n}{section.13}% 57
\BOOKMARK [2][-]{subsection.13.3}{\376\377\000W\000h\000a\000t\000\040\000W\000a\000s\000\040\000D\000i\000s\000c\000o\000v\000e\000r\000e\000d}{section.13}% 58
\BOOKMARK [2][-]{subsection.13.4}{\376\377\000T\000h\000e\000\040\000I\000n\000t\000e\000g\000r\000a\000l\000\040\000o\000f\000\040\000\050\000x\0002\000\051}{section.13}% 59
\BOOKMARK [1][-]{section.14}{\376\377\000A\000l\000g\000e\000b\000r\000a\000i\000c\000\040\000N\000u\000m\000b\000e\000r\000\040\000T\000h\000e\000o\000r\000y}{}% 60
\BOOKMARK [2][-]{subsection.14.1}{\376\377\000W\000h\000y\000\040\000N\000e\000w\000\040\000N\000u\000m\000b\000e\000r\000s\000\040\000A\000p\000p\000e\000a\000r}{section.14}% 61
\BOOKMARK [1][-]{section.15}{\376\377\000A\000\040\000N\000e\000w\000\040\000N\000u\000m\000b\000e\000r}{}% 62
\BOOKMARK [1][-]{section.16}{\376\377\000A\000n\000\040\000U\000n\000e\000x\000p\000e\000c\000t\000e\000d\000\040\000O\000b\000s\000e\000r\000v\000a\000t\000i\000o\000n}{}% 63
\BOOKMARK [2][-]{subsection.16.1}{\376\377\000P\000r\000o\000b\000l\000e\000m\000\040\0001}{section.16}% 64
\BOOKMARK [2][-]{subsection.16.2}{\376\377\000P\000r\000o\000b\000l\000e\000m\000\040\0002}{section.16}% 65
\BOOKMARK [2][-]{subsection.16.3}{\376\377\000P\000r\000o\000b\000l\000e\000m\000\040\0003}{section.16}% 66
\BOOKMARK [2][-]{subsection.16.4}{\376\377\000P\000r\000o\000b\000l\000e\000m\000\040\0004}{section.16}% 67
\BOOKMARK [2][-]{subsection.16.5}{\376\377\000P\000r\000o\000b\000l\000e\000m\000\040\0005}{section.16}% 68
\BOOKMARK [1][-]{section.17}{\376\377\000N\000o\000r\000m}{}% 69
\BOOKMARK [2][-]{subsection.17.1}{\376\377\000P\000r\000o\000b\000l\000e\000m\000\040\0006}{section.17}% 70
\BOOKMARK [2][-]{subsection.17.2}{\376\377\000P\000r\000o\000b\000l\000e\000m\000\040\0007}{section.17}% 71
\BOOKMARK [2][-]{subsection.17.3}{\376\377\000P\000r\000o\000b\000l\000e\000m\000\040\0008}{section.17}% 72
\BOOKMARK [1][-]{section.18}{\376\377\000i\000r\000r\000e\000d\000u\000c\000i\000b\000l\000e\000\040\000a\000n\000d\000\040\000P\000r\000i\000m\000e\000s}{}% 73
\BOOKMARK [2][-]{subsection.18.1}{\376\377\000i\000r\000r\000e\000d\000u\000c\000i\000b\000l\000e\000s}{section.18}% 74
\BOOKMARK [2][-]{subsection.18.2}{\376\377\000P\000r\000i\000m\000e\000s}{section.18}% 75
\BOOKMARK [2][-]{subsection.18.3}{\376\377\000P\000r\000o\000b\000l\000e\000m\000\040\0009}{section.18}% 76
\BOOKMARK [1][-]{section.19}{\376\377\000W\000h\000e\000r\000e\000\040\000W\000e\000\040\000A\000r\000e}{}% 77
\BOOKMARK [1][-]{section.20}{\376\377\000D\000i\000v\000i\000s\000i\000b\000i\000l\000i\000t\000y\000\040\000S\000e\000t\000s}{}% 78
\BOOKMARK [2][-]{subsection.20.1}{\376\377\000P\000r\000o\000b\000l\000e\000m\000\040\0001\0000}{section.20}% 79
\BOOKMARK [2][-]{subsection.20.2}{\376\377\000P\000r\000o\000b\000l\000e\000m\000\040\0001\0001}{section.20}% 80
\BOOKMARK [2][-]{subsection.20.3}{\376\377\000P\000r\000o\000b\000l\000e\000m\000\040\0001\0002}{section.20}% 81
\BOOKMARK [2][-]{subsection.20.4}{\376\377\000P\000r\000o\000b\000l\000e\000m\000\040\0001\0003}{section.20}% 82
\BOOKMARK [1][-]{section.21}{\376\377\000I\000d\000e\000a\000l\000s}{}% 83
\BOOKMARK [1][-]{section.22}{\376\377\000P\000r\000i\000m\000e\000\040\000I\000d\000e\000a\000l\000s}{}% 84
\BOOKMARK [2][-]{subsection.22.1}{\376\377\000P\000r\000o\000b\000l\000e\000m\000\040\0001\0004}{section.22}% 85
=======
\BOOKMARK [1][-]{section.13}{\376\377\000A\000l\000g\000e\000b\000r\000a\000i\000c\000\040\000N\000u\000m\000b\000e\000r\000\040\000T\000h\000e\000o\000r\000y}{}% 55
\BOOKMARK [2][-]{subsection.13.1}{\376\377\000W\000h\000y\000\040\000N\000e\000w\000\040\000N\000u\000m\000b\000e\000r\000s\000\040\000A\000p\000p\000e\000a\000r}{section.13}% 56
\BOOKMARK [1][-]{section.14}{\376\377\000A\000\040\000N\000e\000w\000\040\000N\000u\000m\000b\000e\000r}{}% 57
\BOOKMARK [1][-]{section.15}{\376\377\000A\000n\000\040\000U\000n\000e\000x\000p\000e\000c\000t\000e\000d\000\040\000O\000b\000s\000e\000r\000v\000a\000t\000i\000o\000n}{}% 58
\BOOKMARK [2][-]{subsection.15.1}{\376\377\000P\000r\000o\000b\000l\000e\000m\000\040\0001}{section.15}% 59
\BOOKMARK [2][-]{subsection.15.2}{\376\377\000P\000r\000o\000b\000l\000e\000m\000\040\0002}{section.15}% 60
\BOOKMARK [2][-]{subsection.15.3}{\376\377\000P\000r\000o\000b\000l\000e\000m\000\040\0003}{section.15}% 61
\BOOKMARK [2][-]{subsection.15.4}{\376\377\000P\000r\000o\000b\000l\000e\000m\000\040\0004}{section.15}% 62
\BOOKMARK [2][-]{subsection.15.5}{\376\377\000P\000r\000o\000b\000l\000e\000m\000\040\0005}{section.15}% 63
\BOOKMARK [1][-]{section.16}{\376\377\000N\000o\000r\000m}{}% 64
\BOOKMARK [2][-]{subsection.16.1}{\376\377\000P\000r\000o\000b\000l\000e\000m\000\040\0006}{section.16}% 65
\BOOKMARK [2][-]{subsection.16.2}{\376\377\000P\000r\000o\000b\000l\000e\000m\000\040\0007}{section.16}% 66
\BOOKMARK [2][-]{subsection.16.3}{\376\377\000P\000r\000o\000b\000l\000e\000m\000\040\0008}{section.16}% 67
\BOOKMARK [1][-]{section.17}{\376\377\000i\000r\000r\000e\000d\000u\000c\000i\000b\000l\000e\000\040\000a\000n\000d\000\040\000P\000r\000i\000m\000e\000s}{}% 68
\BOOKMARK [2][-]{subsection.17.1}{\376\377\000i\000r\000r\000e\000d\000u\000c\000i\000b\000l\000e\000s}{section.17}% 69
\BOOKMARK [2][-]{subsection.17.2}{\376\377\000P\000r\000i\000m\000e\000s}{section.17}% 70
\BOOKMARK [2][-]{subsection.17.3}{\376\377\000P\000r\000o\000b\000l\000e\000m\000\040\0009}{section.17}% 71
\BOOKMARK [1][-]{section.18}{\376\377\000W\000h\000e\000r\000e\000\040\000W\000e\000\040\000A\000r\000e}{}% 72
\BOOKMARK [1][-]{section.19}{\376\377\000D\000i\000v\000i\000s\000i\000b\000i\000l\000i\000t\000y\000\040\000S\000e\000t\000s}{}% 73
\BOOKMARK [2][-]{subsection.19.1}{\376\377\000P\000r\000o\000b\000l\000e\000m\000\040\0001\0000}{section.19}% 74
\BOOKMARK [2][-]{subsection.19.2}{\376\377\000P\000r\000o\000b\000l\000e\000m\000\040\0001\0001}{section.19}% 75
\BOOKMARK [2][-]{subsection.19.3}{\376\377\000P\000r\000o\000b\000l\000e\000m\000\040\0001\0002}{section.19}% 76
\BOOKMARK [2][-]{subsection.19.4}{\376\377\000P\000r\000o\000b\000l\000e\000m\000\040\0001\0003}{section.19}% 77
\BOOKMARK [1][-]{section.20}{\376\377\000I\000d\000e\000a\000l\000s}{}% 78
\BOOKMARK [1][-]{section.21}{\376\377\000P\000r\000i\000m\000e\000\040\000I\000d\000e\000a\000l\000s}{}% 79
\BOOKMARK [2][-]{subsection.21.1}{\376\377\000P\000r\000o\000b\000l\000e\000m\000\040\0001\0004}{section.21}% 80
>>>>>>> eeca8e76b26e64e46bf02563453f92c0884596ae
